0 info it worked if it ends with ok
1 verbose cli [ '/usr/local/bin/node', '/usr/local/bin/npm', 'publish' ]
2 info using npm@3.10.10
3 info using node@v6.9.4
4 verbose publish [ '.' ]
5 silly cache add args [ '.', null ]
6 verbose cache add spec .
7 silly cache add parsed spec Result {
7 silly cache add   raw: '.',
7 silly cache add   scope: null,
7 silly cache add   escapedName: null,
7 silly cache add   name: null,
7 silly cache add   rawSpec: '.',
7 silly cache add   spec: '/Users/broccolini/repos/primer-labels',
7 silly cache add   type: 'directory' }
8 verbose addLocalDirectory /Users/broccolini/.npm/primer-labels/1.0.0/package.tgz not in flight; packing
9 verbose correctMkdir /Users/broccolini/.npm correctMkdir not in flight; initializing
10 info lifecycle primer-labels@1.0.0~prepublish: primer-labels@1.0.0
11 verbose lifecycle primer-labels@1.0.0~prepublish: unsafe-perm in lifecycle true
12 verbose lifecycle primer-labels@1.0.0~prepublish: PATH: /usr/local/lib/node_modules/npm/bin/node-gyp-bin:/Users/broccolini/repos/primer-labels/node_modules/.bin:/usr/local/var/rbenv/shims:/usr/local/bin:/usr/bin:/bin:/usr/sbin:/sbin
13 verbose lifecycle primer-labels@1.0.0~prepublish: CWD: /Users/broccolini/repos/primer-labels
14 silly lifecycle primer-labels@1.0.0~prepublish: Args: [ '-c', 'npm run build' ]
15 silly lifecycle primer-labels@1.0.0~prepublish: Returned: code: 0  signal: null
16 verbose tar pack [ '/Users/broccolini/.npm/primer-labels/1.0.0/package.tgz',
16 verbose tar pack   '/Users/broccolini/repos/primer-labels' ]
17 verbose tarball /Users/broccolini/.npm/primer-labels/1.0.0/package.tgz
18 verbose folder /Users/broccolini/repos/primer-labels
19 verbose addLocalTarball adding from inside cache /Users/broccolini/.npm/primer-labels/1.0.0/package.tgz
20 verbose correctMkdir /Users/broccolini/.npm correctMkdir not in flight; initializing
21 silly cache afterAdd primer-labels@1.0.0
22 verbose afterAdd /Users/broccolini/.npm/primer-labels/1.0.0/package/package.json not in flight; writing
23 verbose correctMkdir /Users/broccolini/.npm correctMkdir not in flight; initializing
24 verbose afterAdd /Users/broccolini/.npm/primer-labels/1.0.0/package/package.json written
25 silly publish { version: '1.0.0',
25 silly publish   name: 'primer-labels',
25 silly publish   description: 'Labels add metatdata or indicate status of items and navigational elements.',
25 silly publish   homepage: 'http://primercss.io/',
25 silly publish   author: { name: 'GitHub, Inc.' },
25 silly publish   license: 'MIT',
25 silly publish   style: 'index.scss',
25 silly publish   main: 'build/index.js',
25 silly publish   files: [ 'index.scss', 'lib', 'build' ],
25 silly publish   repository:
25 silly publish    { type: 'git',
25 silly publish      url: 'git+https://github.com/primer/primer-labels.git' },
25 silly publish   bugs: { url: 'https://github.com/primer/primer-labels/issues' },
25 silly publish   scripts:
25 silly publish    { build: 'primer-module-build index.scss',
25 silly publish      prepublish: 'npm run build',
25 silly publish      test: 'npm run build && stylelint **/*.scss -c .stylelintrc.json -s scss' },
25 silly publish   dependencies: { 'primer-support': '*' },
25 silly publish   devDependencies:
25 silly publish    { stylelint: '*',
25 silly publish      'stylelint-config-primer': '*',
25 silly publish      'primer-module-build': '*' },
25 silly publish   keywords: [ 'primer', 'css', 'github', 'primercss' ],
25 silly publish   readme: '# Primer CSS Labels\n\n[![NPM version](http://img.shields.io/npm/v/primer-labels.svg)](https://www.npmjs.org/package/primer-labels)\n[![Build Status](https://travis-ci.org/primer/primer-labels.svg?branch=master)](https://travis-ci.org/primer/primer-labels)\n\n> Labels add metatdata or indicate status of items and navigational elements.\n\nThis repository is a module of the full [primer-css][primer-css] repository.\n\n## Install\n\nThis repository is distributed with [npm][npm]. After [installing npm][install-npm], you can install `primer-labels` with this command.\n\n```\n$ npm install --save primer-labels\n```\n\n## Usage\n\nThe source files included are written in [Sass][sass] (`scss`) You can simply point your sass `include-path` at your `node_modules` directory and import it like this.\n\n```scss\n@import "primer-labels/index.scss";\n```\n\nYou can also import specific portions of the module by importing those partials from the `/lib/` folder. _Make sure you import any requirements along with the modules._\n\n## Build\n\nFor a compiled **css** version of this module, a npm script is included that will output a css version to `build/build.css` The built css file is also included in the npm package.\n\n```\n$ npm run build\n```\n\n## Documentation\n\n<!-- %docs\ntitle: Labels\nstatus_issue: https://github.com/github/design-systems/issues/332\nstatus: New release\n-->\n\nLabels add metatdata or indicate status of items and navigational elements. Three different types of labels are available: [Labels](#default-label-styles) for adding metadata, [States](#states) for indicating status, and [Counters](#counters) for showing the count for a number of items.\n\n\n{:toc}\n\n## Labels\n\nThe base label component styles the text, adds padding and rounded corners, and an inset box shadow. Labels come in various themes which apply colors and different border styles.\n\nGitHub also programmatically generates and applies a background color for labels on items such as issues and pull requests. Users are able to select any background color and the text color will adjust to work with light and dark background colors.\n\nThe base `Label` style does not apply a background color, here\'s an example using the `bg-blue` utility to apply a blue background:\n\n```html\n<span title="Label: default label" class="Label bg-blue">default label</span>\n```\n\n**Note:** Be sure to include a title attribute on labels, it\'s helpful for people using screen-readers to differentiate a label from other text. I.e. without the title attribute, the following example would read as _"New select component design"_, rather than identifying `design` as a label.\n\n```html\n<a href="#url">New select component</a><span class="Label bg-blue ml-1">design</span>\n```\n\n### Label themes\n\nLabels come in a few different themes. Use a theme that helps communicate the content of the label, and ensure it\'s used consistently.\n\nUse `Label--gray` to create a label with a light gray background and gray text. This label is neutral in color and can be used in contexts where all you need to communicate is metadata, or whe you want a label to feel less prominent compared with labels with stronger colors.\n\n```html\n<span title="Label: gray label" class="Label Label--gray">gray label</span>\n```\n\nUse `Label--gray-darker` to create a label with a dark-gray background color. This label is also neutral in color, however, since it\'s background is darker it can stand out more compared to `Label--gray`.\n\n```html\n<span title="Label: dark gray label" class="Label Label--gray-darker">dark gray label</span>\n```\n\nUse `Label--orange` to communicate "warning". The orange background color is very close to red, so avoid using next to labels with a red background color since most people will find it hard to tell the difference.\n\n```html\n<span title="Label: orange label" class="Label Label--orange">orange label</span>\n```\n\nUse `Label--outline` to create a label with gray text, a gray border, and a transparent background. The outline reduces the contrast of this label in combination with filled labels. Use this in contexts where you need it to stand out less than other labels and communicate a neutral message.\n\n```html\n<span title="Label: outline label" class="Label Label--outline">outlined label</span>\n```\n\nUse `Label--outline-green` in combination with `Label--outline` to communicate a positive message.\n\n```html\n<span title="Label: green outline label" class="Label Label--outline Label--outline-green">green outlined label</span>\n```\n\n\n## States\n\nUse state labels to inform users of an items status. States are large labels with bolded text. The default state has a gray background.\n\n```html\n<span class="State">Default</span>\n```\n\n### State themes\nStates come in a few variations that apply different colors. Use the state that best communicates the status or function.\n\n```html\n<span title="Status: open" class="State State--green">Open</span>\n<span title="Status: closed" class="State State--red">Closed</span>\n<span title="Status: merged" class="State State--purple">Merged</span>\n```\n\n**Note:** Similar to [labels](#labels), you should include the title attribute on states to differentiate them from other content.\n\n## Counters\n\nUse the `Counter` component to add a count to navigational elements and buttons. Counters come in 3 variations: the default `Counter` with a light gray background, `Counter--gray` with a dark-gray background and inverse white text, and `Counter--gray-light` with a light-gray background and dark gray text.\n\n```html\n<span class="Counter">16</span>\n<span class="Counter Counter--gray">32</span>\n<span class="Counter Counter--gray-light">64</span>\n```\n\nUse the `Counter` in navigation to indicate the number of items without the user having to click through or count the items, such as open issues in a GitHub repo. See more options in [navigation](../../core/components/navigation).\n\n```html\n<div class="tabnav">\n  <nav class="tabnav-tabs" aria-label="Foo bar">\n    <a href="#url" class="tabnav-tab selected" aria-current="page">Foo tab <span class="Counter">23</a>\n    <a href="#url" class="tabnav-tab">Bar tab</a>\n  </nav>\n</div>\n```\n\nCounters can also be used in `Box` headers to indicate the number of items in a list. See more on the [box component](../../core/components/box).\n\n```html\n<div class="Box">\n  <div class="Box-header">\n    <h3 class="Box-title">\n      Box title\n      <span class="Counter Counter--gray">3</span>\n    </h3>\n  </div>\n  <ul>\n    <li class="Box-row">\n      Box row one\n    </li>\n    <li class="Box-row">\n      Box row two\n    </li>\n    <li class="Box-row">\n      Box row three\n    </li>\n  </ul>\n</div>\n```\n\n\n<!-- %enddocs -->\n\n## License\n\n[MIT](./LICENSE) &copy; [GitHub](https://github.com/)\n\n[primer-css]: https://github.com/primer/primer\n[docs]: http://primercss.io/\n[npm]: https://www.npmjs.com/\n[install-npm]: https://docs.npmjs.com/getting-started/installing-node\n[sass]: http://sass-lang.com/\n',
25 silly publish   readmeFilename: 'README.md',
25 silly publish   gitHead: '22dd474b03c80751c98f0eea250f5948262bc6cb',
25 silly publish   _id: 'primer-labels@1.0.0',
25 silly publish   _shasum: '2f289bc7fc92d543a8f10ad2d6d58bd9fba0cb28',
25 silly publish   _from: '.' }
26 verbose getPublishConfig undefined
27 silly mapToRegistry name primer-labels
28 silly mapToRegistry using default registry
29 silly mapToRegistry registry https://registry.npmjs.org/
30 silly mapToRegistry data Result {
30 silly mapToRegistry   raw: 'primer-labels',
30 silly mapToRegistry   scope: null,
30 silly mapToRegistry   escapedName: 'primer-labels',
30 silly mapToRegistry   name: 'primer-labels',
30 silly mapToRegistry   rawSpec: '',
30 silly mapToRegistry   spec: 'latest',
30 silly mapToRegistry   type: 'tag' }
31 silly mapToRegistry uri https://registry.npmjs.org/primer-labels
32 verbose publish registryBase https://registry.npmjs.org/
33 silly publish uploading /Users/broccolini/.npm/primer-labels/1.0.0/package.tgz
34 verbose request uri https://registry.npmjs.org/primer-labels
35 verbose request sending authorization for write operation
36 info attempt registry request try #1 at 11:06:17 PM
37 verbose request using bearer token for auth
38 verbose request id 455b235c5f0b141d
39 http request PUT https://registry.npmjs.org/primer-labels
40 http 403 https://registry.npmjs.org/primer-labels
41 verbose headers { 'content-type': 'application/json',
41 verbose headers   'cache-control': 'max-age=300',
41 verbose headers   'content-length': '95',
41 verbose headers   'accept-ranges': 'bytes',
41 verbose headers   date: 'Fri, 21 Apr 2017 03:06:17 GMT',
41 verbose headers   via: '1.1 varnish',
41 verbose headers   connection: 'keep-alive',
41 verbose headers   'x-served-by': 'cache-jfk8138-JFK',
41 verbose headers   'x-cache': 'MISS',
41 verbose headers   'x-cache-hits': '0',
41 verbose headers   'x-timer': 'S1492743977.300550,VS0,VE631',
41 verbose headers   vary: 'Accept-Encoding' }
42 verbose request invalidating /Users/broccolini/.npm/registry.npmjs.org/primer-labels on PUT
43 error publish Failed PUT 403
44 verbose stack Error: "You cannot publish over the previously published version 1.0.0." : primer-labels
44 verbose stack     at makeError (/usr/local/lib/node_modules/npm/node_modules/npm-registry-client/lib/request.js:302:12)
44 verbose stack     at CachingRegistryClient.<anonymous> (/usr/local/lib/node_modules/npm/node_modules/npm-registry-client/lib/request.js:290:14)
44 verbose stack     at Request._callback (/usr/local/lib/node_modules/npm/node_modules/npm-registry-client/lib/request.js:210:14)
44 verbose stack     at Request.self.callback (/usr/local/lib/node_modules/npm/node_modules/request/request.js:187:22)
44 verbose stack     at emitTwo (events.js:106:13)
44 verbose stack     at Request.emit (events.js:191:7)
44 verbose stack     at Request.<anonymous> (/usr/local/lib/node_modules/npm/node_modules/request/request.js:1048:10)
44 verbose stack     at emitOne (events.js:96:13)
44 verbose stack     at Request.emit (events.js:188:7)
44 verbose stack     at IncomingMessage.<anonymous> (/usr/local/lib/node_modules/npm/node_modules/request/request.js:969:12)
45 verbose statusCode 403
46 verbose pkgid primer-labels
47 verbose cwd /Users/broccolini/repos/primer-labels
48 error Darwin 15.6.0
49 error argv "/usr/local/bin/node" "/usr/local/bin/npm" "publish"
50 error node v6.9.4
51 error npm  v3.10.10
52 error code E403
53 error "You cannot publish over the previously published version 1.0.0." : primer-labels
54 error If you need help, you may report this error at:
54 error     <https://github.com/npm/npm/issues>
55 verbose exit [ 1, true ]
